2025-12-16 20:35:55,880 - __main__ - INFO - Verificando dependências...
2025-12-16 20:35:56,059 - __main__ - INFO - Configurando ambiente...
2025-12-16 20:35:56,061 - __main__ - INFO - Iniciando interface gráfica...
2025-12-16 20:35:56,200 - __main__ - ERROR - Erro ao executar GUI: name 'List' is not defined
2025-12-16 20:35:56,201 - __main__ - ERROR - R2 Assistant encontrou problemas durante execução
2025-12-16 20:36:10,750 - __main__ - INFO - Verificando dependências...
2025-12-16 20:36:10,877 - __main__ - INFO - Configurando ambiente...
2025-12-16 20:36:10,878 - __main__ - INFO - Iniciando interface gráfica...
2025-12-16 20:36:10,946 - __main__ - ERROR - Erro ao executar GUI: name 'List' is not defined
2025-12-16 20:36:10,947 - __main__ - ERROR - R2 Assistant encontrou problemas durante execução
2025-12-16 20:41:02,243 - __main__ - INFO - Verificando dependencias...
2025-12-16 20:41:02,249 - __main__ - INFO - [OK] python-dotenv
2025-12-16 20:41:02,267 - __main__ - INFO - [OK] PyYAML
2025-12-16 20:41:02,282 - __main__ - INFO - [OK] psutil
2025-12-16 20:41:02,368 - __main__ - INFO - [OK] requests
2025-12-16 20:41:02,368 - __main__ - INFO - Configurando ambiente...
2025-12-16 20:41:02,369 - __main__ - INFO - Iniciando modo CLI...
2025-12-16 20:42:10,164 - __main__ - INFO - R2 Assistant finalizado
2025-12-16 20:42:12,649 - __main__ - INFO - Verificando dependencias...
2025-12-16 20:42:12,655 - __main__ - INFO - [OK] python-dotenv
2025-12-16 20:42:12,672 - __main__ - INFO - [OK] PyYAML
2025-12-16 20:42:12,687 - __main__ - INFO - [OK] psutil
2025-12-16 20:42:12,768 - __main__ - INFO - [OK] requests
2025-12-16 20:42:12,769 - __main__ - INFO - Configurando ambiente...
2025-12-16 20:42:12,769 - __main__ - INFO - Iniciando interface grafica...
2025-12-16 20:42:12,862 - __main__ - ERROR - Erro ao importar modulos GUI: No module named 'customtkinter'
2025-12-16 20:42:12,862 - __main__ - ERROR - R2 Assistant encontrou problemas
2025-12-16 20:42:34,769 - __main__ - INFO - Verificando dependencias...
2025-12-16 20:42:34,777 - __main__ - INFO - [OK] python-dotenv
2025-12-16 20:42:34,794 - __main__ - INFO - [OK] PyYAML
2025-12-16 20:42:34,812 - __main__ - INFO - [OK] psutil
2025-12-16 20:42:34,901 - __main__ - INFO - [OK] requests
2025-12-16 20:42:34,901 - __main__ - INFO - Configurando ambiente...
2025-12-16 20:42:34,903 - __main__ - INFO - Iniciando interface grafica...
2025-12-16 20:42:35,092 - __main__ - ERROR - Erro inesperado ao importar GUI: name 'Any' is not defined
2025-12-16 20:42:35,094 - __main__ - ERROR - R2 Assistant encontrou problemas
2025-12-16 20:55:31,748 - __main__ - INFO - Verificando dependencias...
2025-12-16 20:55:31,757 - __main__ - INFO - [OK] python-dotenv
2025-12-16 20:55:31,778 - __main__ - INFO - [OK] PyYAML
2025-12-16 20:55:31,796 - __main__ - INFO - [OK] psutil
2025-12-16 20:55:31,906 - __main__ - INFO - [OK] requests
2025-12-16 20:55:31,906 - __main__ - INFO - Configurando ambiente...
2025-12-16 20:55:31,907 - __main__ - INFO - Iniciando interface grafica...
2025-12-16 20:55:32,069 - __main__ - INFO - Usando configuracao padrao
2025-12-16 20:55:32,083 - __main__ - ERROR - Erro ao executar GUI: 'AppConfig' object has no attribute 'gui'
2025-12-16 20:55:32,083 - __main__ - ERROR - R2 Assistant encontrou problemas
2025-12-16 20:59:49,784 - __main__ - INFO - Verificando dependencias...
2025-12-16 20:59:49,801 - __main__ - INFO - [OK] python-dotenv
2025-12-16 20:59:49,841 - __main__ - INFO - [OK] PyYAML
2025-12-16 20:59:49,876 - __main__ - INFO - [OK] psutil
2025-12-16 20:59:50,077 - __main__ - INFO - [OK] requests
2025-12-16 20:59:50,077 - __main__ - INFO - Configurando ambiente...
2025-12-16 20:59:50,078 - __main__ - INFO - Iniciando interface grafica...
2025-12-16 20:59:50,517 - __main__ - ERROR - Erro inesperado ao importar GUI: name 'Any' is not defined
2025-12-16 20:59:50,518 - __main__ - ERROR - R2 Assistant encontrou problemas
2025-12-16 21:02:47,252 - __main__ - INFO - Verificando dependencias...
2025-12-16 21:02:47,265 - __main__ - INFO - [OK] python-dotenv
2025-12-16 21:02:47,297 - __main__ - INFO - [OK] PyYAML
2025-12-16 21:02:47,330 - __main__ - INFO - [OK] psutil
2025-12-16 21:02:47,498 - __main__ - INFO - [OK] requests
2025-12-16 21:02:47,499 - __main__ - INFO - Configurando ambiente...
2025-12-16 21:09:49,939 - __main__ - INFO - Verificando dependencias...
2025-12-16 21:09:49,954 - __main__ - INFO - [OK] python-dotenv
2025-12-16 21:09:49,996 - __main__ - INFO - [OK] PyYAML
2025-12-16 21:09:50,032 - __main__ - INFO - [OK] psutil
2025-12-16 21:09:50,234 - __main__ - INFO - [OK] requests
2025-12-16 21:09:50,235 - __main__ - INFO - Configurando ambiente...
2025-12-16 21:11:21,108 - __main__ - INFO - Verificando dependencias...
2025-12-16 21:11:21,121 - __main__ - INFO - [OK] python-dotenv
2025-12-16 21:11:21,152 - __main__ - INFO - [OK] PyYAML
2025-12-16 21:11:21,186 - __main__ - INFO - [OK] psutil
2025-12-16 21:11:21,355 - __main__ - INFO - [OK] requests
2025-12-16 21:11:21,356 - __main__ - INFO - Configurando ambiente...
2025-12-16 21:11:21,358 - __main__ - INFO - Iniciando interface grafica...
2025-12-16 21:11:21,734 - __main__ - INFO - Usando configuracao padrao
2025-12-16 21:11:21,735 - __main__ - INFO - Tema: sci-fi, Resolucao: 1600x900
2025-12-16 21:11:21,948 - __main__ - ERROR - Erro ao executar GUI: HistoryManager.__init__() got an unexpected keyword argument 'config'
2025-12-16 21:11:21,950 - __main__ - ERROR - R2 Assistant encontrou problemas
2025-12-16 21:18:12,743 - __main__ - INFO - Verificando dependencias...
2025-12-16 21:18:12,751 - __main__ - INFO - [OK] python-dotenv
2025-12-16 21:18:12,771 - __main__ - INFO - [OK] PyYAML
2025-12-16 21:18:12,790 - __main__ - INFO - [OK] psutil
2025-12-16 21:18:12,888 - __main__ - INFO - [OK] requests
2025-12-16 21:18:12,888 - __main__ - INFO - Configurando ambiente...
2025-12-16 21:18:12,889 - __main__ - INFO - Iniciando interface grafica...
2025-12-16 21:18:13,069 - __main__ - ERROR - Erro inesperado ao importar GUI: name 'self' is not defined
2025-12-16 21:18:13,070 - __main__ - ERROR - R2 Assistant encontrou problemas
2025-12-16 21:20:38,829 - __main__ - INFO - Verificando dependencias...
2025-12-16 21:20:38,835 - __main__ - INFO - [OK] python-dotenv
2025-12-16 21:20:38,851 - __main__ - INFO - [OK] PyYAML
2025-12-16 21:20:38,868 - __main__ - INFO - [OK] psutil
2025-12-16 21:20:38,950 - __main__ - INFO - [OK] requests
2025-12-16 21:20:38,950 - __main__ - INFO - Configurando ambiente...
2025-12-16 21:20:38,951 - __main__ - INFO - Iniciando interface grafica...
2025-12-16 21:20:39,029 - __main__ - INFO - Patch aplicado: HistoryManager config convertido
2025-12-16 21:20:39,101 - __main__ - INFO - Usando configuracao padrao
2025-12-16 21:20:39,101 - __main__ - INFO - Tema: sci-fi, Resolucao: 1600x900
2025-12-16 21:20:39,167 - __main__ - ERROR - Erro ao executar GUI: HistoryManager.__init__() got an unexpected keyword argument 'max_history'
2025-12-16 21:20:39,167 - __main__ - ERROR - R2 Assistant encontrou problemas
2025-12-16 21:29:29,954 - __main__ - INFO - Verificando dependencias...
2025-12-16 21:29:29,959 - __main__ - INFO - [OK] python-dotenv
2025-12-16 21:29:29,980 - __main__ - INFO - [OK] PyYAML
2025-12-16 21:29:29,998 - __main__ - INFO - [OK] psutil
2025-12-16 21:29:30,104 - __main__ - INFO - [OK] requests
2025-12-16 21:29:30,105 - __main__ - INFO - Configurando ambiente...
2025-12-16 21:29:30,106 - __main__ - INFO - Iniciando interface grafica...
2025-12-16 21:29:30,204 - __main__ - INFO - Patch aplicado: HistoryManager config convertido para max_size
2025-12-16 21:29:30,289 - __main__ - INFO - Usando configuracao padrao
2025-12-16 21:29:30,290 - __main__ - INFO - Tema: sci-fi, Resolucao: 1600x900
2025-12-16 21:29:31,913 - __main__ - ERROR - Erro ao executar GUI: 'NoneType' object has no attribute 'get'
2025-12-16 21:29:31,915 - __main__ - ERROR - R2 Assistant encontrou problemas
2025-12-16 21:36:08,928 - __main__ - INFO - Verificando dependencias...
2025-12-16 21:36:08,935 - __main__ - INFO - [OK] python-dotenv
2025-12-16 21:36:08,952 - __main__ - INFO - [OK] PyYAML
2025-12-16 21:36:08,968 - __main__ - INFO - [OK] psutil
2025-12-16 21:36:09,066 - __main__ - INFO - [OK] requests
2025-12-16 21:36:09,066 - __main__ - INFO - Configurando ambiente...
2025-12-16 21:36:09,067 - __main__ - INFO - Iniciando interface grafica...
2025-12-16 21:36:09,158 - __main__ - INFO - Patch aplicado: HistoryManager config convertido para max_size
2025-12-16 21:36:09,249 - __main__ - ERROR - Erro ao importar modulos GUI: cannot import name 'AlertLevel' from 'alert_system_patch' (unknown location)
2025-12-16 21:36:09,250 - __main__ - ERROR - R2 Assistant encontrou problemas
2025-12-16 21:36:23,340 - __main__ - INFO - Verificando dependencias...
2025-12-16 21:36:23,346 - __main__ - INFO - [OK] python-dotenv
2025-12-16 21:36:23,369 - __main__ - INFO - [OK] PyYAML
2025-12-16 21:36:23,384 - __main__ - INFO - [OK] psutil
2025-12-16 21:36:23,467 - __main__ - INFO - [OK] requests
2025-12-16 21:36:23,467 - __main__ - INFO - Configurando ambiente...
2025-12-16 21:36:23,467 - __main__ - INFO - Iniciando interface grafica...
2025-12-16 21:36:23,549 - __main__ - INFO - Patch aplicado: HistoryManager config convertido para max_size
2025-12-16 21:36:23,612 - __main__ - ERROR - Erro ao importar modulos GUI: cannot import name 'AlertLevel' from 'alert_system_patch' (unknown location)
2025-12-16 21:36:23,613 - __main__ - ERROR - R2 Assistant encontrou problemas
